timestamp: 2014-09-29T08:33:46.880399
CREATE TABLE auth_user(
    id INTEGER PRIMARY KEY AUTOINCREMENT,
    first_name CHAR(128),
    last_name CHAR(128),
    email CHAR(512),
    password CHAR(512),
    registration_key CHAR(512),
    reset_password_key CHAR(512),
    registration_id CHAR(512)
);
success!
timestamp: 2014-09-29T08:33:47.068923
CREATE TABLE auth_group(
    id INTEGER PRIMARY KEY AUTOINCREMENT,
    role CHAR(512),
    description TEXT
);
success!
timestamp: 2014-09-29T08:33:47.202854
CREATE TABLE auth_membership(
    id INTEGER PRIMARY KEY AUTOINCREMENT,
    user_id INTEGER REFERENCES auth_user (id) ON DELETE CASCADE,
    group_id INTEGER REFERENCES auth_group (id) ON DELETE CASCADE
);
success!
timestamp: 2014-09-29T08:33:47.346613
CREATE TABLE auth_permission(
    id INTEGER PRIMARY KEY AUTOINCREMENT,
    group_id INTEGER REFERENCES auth_group (id) ON DELETE CASCADE,
    name CHAR(512),
    table_name CHAR(512),
    record_id INTEGER
);
success!
timestamp: 2014-09-29T08:33:47.493284
CREATE TABLE auth_event(
    id INTEGER PRIMARY KEY AUTOINCREMENT,
    time_stamp TIMESTAMP,
    client_ip CHAR(512),
    user_id INTEGER REFERENCES auth_user (id) ON DELETE CASCADE,
    origin CHAR(512),
    description TEXT
);
success!
timestamp: 2014-09-29T08:33:47.649503
CREATE TABLE auth_cas(
    id INTEGER PRIMARY KEY AUTOINCREMENT,
    user_id INTEGER REFERENCES auth_user (id) ON DELETE CASCADE,
    created_on TIMESTAMP,
    service CHAR(512),
    ticket CHAR(512),
    renew CHAR(1)
);
success!
timestamp: 2015-09-17T17:17:38.177591
CREATE TABLE Capacidades(
    id INTEGER PRIMARY KEY AUTOINCREMENT,
    medida_capacidad CHAR(512)
);
success!
timestamp: 2015-09-17T17:17:38.358703
CREATE TABLE Ceramicos(
    id INTEGER PRIMARY KEY AUTOINCREMENT,
    descripcion CHAR(512),
    capacidad INTEGER,
    medida INTEGER REFERENCES Capacidades (id) ON DELETE CASCADE,
    cantidad INTEGER
);
success!
success!
timestamp: 2015-09-17T18:21:40.372965
ALTER TABLE Ceramicos ADD tension INTEGER NOT NULL;
timestamp: 2015-09-17T18:21:59.762766
ALTER TABLE Ceramicos ADD tension INTEGER;
success!
success!
timestamp: 2015-09-17T18:55:57.249902
CREATE TABLE Plastico(
    id INTEGER PRIMARY KEY AUTOINCREMENT,
    descripcion CHAR(512) NOT NULL,
    capacidad INTEGER NOT NULL,
    medida INTEGER REFERENCES Capacidades (id) ON DELETE CASCADE,
    tension INTEGER,
    cantidad INTEGER NOT NULL
);
success!
timestamp: 2015-09-18T15:37:43.090819
CREATE TABLE Lenteja(
    id INTEGER PRIMARY KEY AUTOINCREMENT,
    descripcion CHAR(512) NOT NULL,
    capacidad INTEGER NOT NULL,
    medida INTEGER REFERENCES Capacidades (id) ON DELETE CASCADE,
    tension INTEGER,
    cantidad INTEGER NOT NULL
);
success!
timestamp: 2015-09-18T15:53:35.944964
CREATE TABLE Electroliticos(
    id INTEGER PRIMARY KEY AUTOINCREMENT,
    descripcion CHAR(512) NOT NULL,
    capacidad INTEGER NOT NULL,
    medida INTEGER REFERENCES Capacidades (id) ON DELETE CASCADE,
    tension INTEGER,
    cantidad INTEGER NOT NULL
);
success!
timestamp: 2015-09-18T17:16:35.622634
CREATE TABLE Resistencias(
    id INTEGER PRIMARY KEY AUTOINCREMENT,
    descripcion CHAR(512) NOT NULL,
    capacidad INTEGER NOT NULL,
    medida INTEGER REFERENCES Capacidades (id) ON DELETE CASCADE,
    tension INTEGER,
    cantidad INTEGER NOT NULL
);
success!
timestamp: 2015-09-18T20:35:20.185698
CREATE TABLE Colores_Resistencia(
    id INTEGER PRIMARY KEY AUTOINCREMENT,
    Color_Banda CHAR(512),
    Valor INTEGER
);
success!
timestamp: 2015-09-18T20:35:52.962452
ALTER TABLE Resistencias ADD banda_1 INTEGER REFERENCES Colores_Resistencia (id) ON DELETE CASCADE;
timestamp: 2015-09-18T20:35:53.133338
ALTER TABLE Resistencias ADD banda_2 INTEGER REFERENCES Colores_Resistencia (id) ON DELETE CASCADE;
timestamp: 2015-09-18T20:35:53.289327
ALTER TABLE Resistencias ADD banda_3 INTEGER REFERENCES Colores_Resistencia (id) ON DELETE CASCADE;
success!
success!
success!
success!
success!
success!
success!
success!
success!
success!
success!
success!
success!
success!
success!
success!
success!
success!
success!
timestamp: 2015-09-18T20:44:03.292311
CREATE TABLE Resistencia(
    id INTEGER PRIMARY KEY AUTOINCREMENT,
    banda_1 INTEGER REFERENCES Colores_Resistencia (id) ON DELETE CASCADE,
    banda_2 INTEGER REFERENCES Colores_Resistencia (id) ON DELETE CASCADE,
    banda_3 INTEGER REFERENCES Colores_Resistencia (id) ON DELETE CASCADE,
    cantidad INTEGER NOT NULL
);
success!
timestamp: 2015-09-18T20:51:03.115575
CREATE TABLE Medidas_Resistencia(
    id INTEGER PRIMARY KEY AUTOINCREMENT,
    unidad CHAR(512)
);
success!
timestamp: 2015-09-18T20:51:03.300615
ALTER TABLE Resistencia ADD unidad_medida INTEGER REFERENCES Medidas_Resistencia (id) ON DELETE CASCADE;
timestamp: 2015-09-18T20:51:03.485270
ALTER TABLE Resistencia ADD valor INTEGER NOT NULL;
timestamp: 2015-09-18T20:51:23.419385
ALTER TABLE Resistencia ADD unidad_medida INTEGER REFERENCES Medidas_Resistencia (id) ON DELETE CASCADE;
timestamp: 2015-09-18T20:52:51.337603
ALTER TABLE Resistencia ADD unidad_resistencia INTEGER REFERENCES Medidas_Resistencia (id) ON DELETE CASCADE;
timestamp: 2015-09-18T20:52:51.525144
ALTER TABLE Resistencia ADD valor INTEGER NOT NULL;
timestamp: 2015-09-18T20:53:17.081944
ALTER TABLE Resistencia ADD unidad_resistencia INTEGER REFERENCES Medidas_Resistencia (id) ON DELETE CASCADE;
timestamp: 2015-09-18T20:53:45.787891
ALTER TABLE Resistencia ADD valor INTEGER;
success!
timestamp: 2015-09-18T20:54:01.441076
ALTER TABLE Resistencia ADD unidad_resistencia INTEGER REFERENCES Medidas_Resistencia (id) ON DELETE CASCADE;
timestamp: 2015-09-18T20:55:02.493453
ALTER TABLE Resistencia ADD unidad_resistenc INTEGER REFERENCES Medidas_Resistencia (id) ON DELETE CASCADE;
success!
timestamp: 2015-09-18T20:55:33.626676
ALTER TABLE Resistencia ADD medida_resistencia INTEGER REFERENCES Medidas_Resistencia (id) ON DELETE CASCADE;
success!
success!
success!
success!
success!
success!
success!
timestamp: 2015-09-18T20:58:34.707904
CREATE TABLE Tolerancia(
    id INTEGER PRIMARY KEY AUTOINCREMENT,
    Valor_Tol CHAR(512)
);
success!
timestamp: 2015-09-18T20:58:34.886726
ALTER TABLE Resistencia ADD tolerancia INTEGER REFERENCES Tolerancia (id) ON DELETE CASCADE;
success!
success!
success!
success!
success!
success!
success!
success!
success!
timestamp: 2015-09-18T21:03:14.618325
CREATE TABLE Potencia_Disipada(
    id INTEGER PRIMARY KEY AUTOINCREMENT,
    Valor_Potencia CHAR(512)
);
success!
timestamp: 2015-09-18T21:03:14.814990
ALTER TABLE Resistencia ADD potencia INTEGER REFERENCES Potencia_Disipada (id) ON DELETE CASCADE;
success!
success!
success!
success!
success!
success!
success!
success!
success!
success!
success!
success!
success!
success!
success!
success!
success!
success!
success!
success!
success!
success!
success!
success!
success!
success!
success!
success!
success!
success!
success!
success!
success!
success!
success!
success!
success!
success!
success!
timestamp: 2015-09-20T17:29:35.340346
CREATE TABLE Potenciometro(
    id INTEGER PRIMARY KEY AUTOINCREMENT,
    valor INTEGER,
    medida_resistencia INTEGER REFERENCES Medidas_Resistencia (id) ON DELETE CASCADE,
    cantidad INTEGER
);
success!
success!
success!
success!
success!
success!
success!
success!
success!
success!
success!
success!
success!
success!
success!
success!
timestamp: 2015-09-20T17:59:09.216808
CREATE TABLE Transistor(
    id INTEGER PRIMARY KEY AUTOINCREMENT,
    valor INTEGER,
    medida_resistencia INTEGER REFERENCES Medidas_Resistencia (id) ON DELETE CASCADE,
    cantidad INTEGER
);
success!
success!
success!
success!
success!
timestamp: 2015-09-20T18:08:37.801051
ALTER TABLE Transistor ADD descripcion CHAR(512);
timestamp: 2015-09-20T18:08:37.969587
ALTER TABLE Transistor ADD datasheet CHAR(512);
timestamp: 2015-09-20T18:08:38.127420
ALTER TABLE Transistor ADD transistor CHAR(512);
success!
success!
success!
success!
success!
success!
success!
success!
success!
success!
success!
success!
success!
success!
success!
success!
success!
success!
success!
success!
success!
success!
success!
success!
success!
success!
success!
success!
success!
success!
success!
success!
success!
success!
success!
success!
success!
success!
success!
success!
success!
success!
success!
success!
success!
success!
success!
success!
success!
success!
